<?xml version="1.0" encoding="UTF-8"?>
<!-- Generated by org.testng.reporters.JUnitXMLReporter -->
<testsuite ignored="0" hostname="DESKTOP-MF21JJO" failures="1" tests="4" name="Test" time="70.27" errors="0" timestamp="2024-05-29T12:59:36 EDT">
  <testcase classname="com.test.MultipleClasses" name="flipcartMethod" time="27.932"/>
  <testcase classname="com.test.MultipleClasses" name="amazon" time="27.489"/>
  <testcase classname="com.test.MultiPgm" name="SelectDropDown" time="0.648">
    <failure type="org.openqa.selenium.NoSuchElementException" message="Cannot locate option with value: search-alias=mobilesss-apps
For documentation on this error, please visit: https://www.selenium.dev/documentation/webdriver/troubleshooting/errors#no-such-element-exception
Build info: version: &amp;apos;4.21.0&amp;apos;, revision: &amp;apos;79ed462ef4&amp;apos;
System info: os.name: &amp;apos;Windows 10&amp;apos;, os.arch: &amp;apos;amd64&amp;apos;, os.version: &amp;apos;10.0&amp;apos;, java.version: &amp;apos;17.0.9&amp;apos;
Driver info: driver.version: unknown">
      <![CDATA[org.openqa.selenium.NoSuchElementException: Cannot locate option with value: search-alias=mobilesss-apps
For documentation on this error, please visit: https://www.selenium.dev/documentation/webdriver/troubleshooting/errors#no-such-element-exception
Build info: version: '4.21.0', revision: '79ed462ef4'
System info: os.name: 'Windows 10', os.arch: 'amd64', os.version: '10.0', java.version: '17.0.9'
Driver info: driver.version: unknown
at org.openqa.selenium.support.ui.Select.findOptionsByValue(Select.java:289)
at org.openqa.selenium.support.ui.Select.selectByValue(Select.java:194)
at com.test.MultiPgm.SelectDropDown(MultiPgm.java:44)
at java.base/java.util.ArrayList.forEach(ArrayList.java:1511)
... Removed 31 stack frames]]>
    </failure>
  </testcase> <!-- SelectDropDown -->
  <testcase classname="com.test.MultiPgm" name="AdvanceDropDown" time="5.116"/>
</testsuite> <!-- Test -->
